<?xml version="1.0" encoding="UTF-8"?>
<persistence xmlns="http://java.sun.com/xml/ns/persistence"
	xmlns:xsi="http://www.w3.org/2001/XMLSchema-instance"
	xsi:schemaLocation="http://java.sun.com/xml/ns/persistence http://java.sun.com/xml/ns/persistence/persistence_2_0.xsd"
	version="2.0">
	<persistence-unit name="test-persistent-unit"
		transaction-type="RESOURCE_LOCAL">
		<validation-mode>NONE</validation-mode>
		<class>it.diepet.spring.tx.eventpublisher.test.app.model.Product</class>
		<properties>
			<property name="javax.persistence.jdbc.url" value="jdbc:hsqldb:mem:embeddedDataSource" />
			<property name="javax.persistence.jdbc.driver" value="org.hsqldb.jdbcDriver" />
			<property name="javax.persistence.jdbc.user" value="sa" />
			<property name="javax.persistence.jdbc.password" value="" />
			<property name="hibernate.dialect"
				value="org.hibernate.dialect.HSQLDialect" />
			<property name="hibernate.connection.driver_class" value="org.hsqldb.jdbcDriver" />
			<property name="hibernate.connection.url" value="jdbc:hsqldb:mem:embeddedDataSource" />
		</properties>
	</persistence-unit>
</persistence>
